action: py37, msg: getenv
cwd: /home/odelucca/Code/sandbox/python-project-folder-structures/cli-structured/.tox
cmd: /home/odelucca/.pyenv/versions/3.7.5/envs/sandbox/bin/python3.7 -m virtualenv --no-download --python /home/odelucca/.pyenv/versions/3.7.5/envs/sandbox/bin/python3.7 py37
Already using interpreter /home/odelucca/.pyenv/versions/3.7.5/envs/sandbox/bin/python3.7
Using base prefix '/home/odelucca/.pyenv/versions/3.7.5'
New python executable in /home/odelucca/Code/sandbox/python-project-folder-structures/cli-structured/.tox/py37/bin/python3.7
Also creating executable in /home/odelucca/Code/sandbox/python-project-folder-structures/cli-structured/.tox/py37/bin/python
Installing setuptools, pip, wheel...
done.
Traceback (most recent call last):
  File "/home/odelucca/.pyenv/versions/3.7.5/lib/python3.7/runpy.py", line 193, in _run_module_as_main
    "__main__", mod_spec)
  File "/home/odelucca/.pyenv/versions/3.7.5/lib/python3.7/runpy.py", line 85, in _run_code
    exec(code, run_globals)
  File "/home/odelucca/.pyenv/versions/3.7.5/envs/sandbox/lib/python3.7/site-packages/virtualenv.py", line 2634, in <module>
    main()
  File "/home/odelucca/.pyenv/versions/3.7.5/envs/sandbox/lib/python3.7/site-packages/virtualenv.py", line 870, in main
    symlink=options.symlink,
  File "/home/odelucca/.pyenv/versions/3.7.5/envs/sandbox/lib/python3.7/site-packages/virtualenv.py", line 1179, in create_environment
    install_wheel(to_install, py_executable, search_dirs, download=download)
  File "/home/odelucca/.pyenv/versions/3.7.5/envs/sandbox/lib/python3.7/site-packages/virtualenv.py", line 1023, in install_wheel
    _install_wheel_with_search_dir(download, project_names, py_executable, search_dirs)
  File "/home/odelucca/.pyenv/versions/3.7.5/envs/sandbox/lib/python3.7/site-packages/virtualenv.py", line 1116, in _install_wheel_with_search_dir
    call_subprocess(cmd, show_stdout=False, extra_env=env, stdin=script)
  File "/home/odelucca/.pyenv/versions/3.7.5/envs/sandbox/lib/python3.7/site-packages/virtualenv.py", line 937, in call_subprocess
    line = stdout.readline()
KeyboardInterrupt
